<?xml version="1.0" encoding="UTF-8"?>
<!-- Generated by org.testng.reporters.JUnitXMLReporter -->
<testsuite ignored="0" hostname="DESKTOP-14OQ6FO" failures="0" tests="8" name="Test" time="87.99" errors="0" timestamp="2022-08-24T14:58:54 EDT">
  <testcase classname="com.naveenautomation.test.PhonesAndPDATest" name="addToCartClickTest" time="0.17"/>
  <testcase classname="com.naveenautomation.test.PhonesAndPDATest" name="checkOutClickTest" time="1.432"/>
  <testcase classname="com.naveenautomation.test.CheckOutPageTest" name="allButtonTest" time="9.46"/>
  <testcase classname="com.naveenautomation.test.MyAccountPageTest" name="productListPageCheckTest" time="0.973"/>
  <testcase classname="com.naveenautomation.test.NaveenHomePageTest" name="myAccountButtonTest" time="0.104"/>
  <testcase classname="com.naveenautomation.test.NaveenHomePageTest" name="loginButtonTest" time="0.731"/>
  <testcase classname="com.naveenautomation.test.AccountLoginPageTest" name="loginTest" time="1.2"/>
  <testcase classname="com.naveenautomation.test.OrderPlacedTest" name="orderPlacedTest" time="1.176"/>
</testsuite> <!-- Test -->
