<?xml version="1.0" encoding="UTF-8"?>
<testng-results ignored="0" total="8" passed="8" failed="0" skipped="0">
  <reporter-output>
  </reporter-output>
  <suite started-at="2022-08-24T14:57:26 EDT" name="Suite" finished-at="2022-08-24T14:58:54 EDT" duration-ms="87990">
    <groups>
    </groups>
    <test started-at="2022-08-24T14:57:26 EDT" name="Test" finished-at="2022-08-24T14:58:54 EDT" duration-ms="87990">
      <class name="com.naveenautomation.test.MyAccountPageTest">
        <test-method is-config="true" signature="loggerSetUp()[pri:0, instance:com.naveenautomation.test.MyAccountPageTest@58d75e99]" started-at="2022-08-24T14:58:06 EDT" name="loggerSetUp" finished-at="2022-08-24T14:58:06 EDT" duration-ms="1" status="PASS">
          <reporter-output>
          </reporter-output>
        </test-method> <!-- loggerSetUp -->
        <test-method is-config="true" signature="startBrowser()[pri:0, instance:com.naveenautomation.test.MyAccountPageTest@58d75e99]" started-at="2022-08-24T14:58:06 EDT" name="startBrowser" finished-at="2022-08-24T14:58:13 EDT" duration-ms="7660" status="PASS">
          <reporter-output>
          </reporter-output>
        </test-method> <!-- startBrowser -->
        <test-method signature="productListPageCheckTest()[pri:0, instance:com.naveenautomation.test.MyAccountPageTest@58d75e99]" started-at="2022-08-24T14:58:13 EDT" name="productListPageCheckTest" finished-at="2022-08-24T14:58:14 EDT" duration-ms="973" status="PASS">
          <reporter-output>
          </reporter-output>
        </test-method> <!-- productListPageCheckTest -->
        <test-method is-config="true" signature="quittingBrowser()[pri:0, instance:com.naveenautomation.test.MyAccountPageTest@58d75e99]" started-at="2022-08-24T14:58:14 EDT" name="quittingBrowser" finished-at="2022-08-24T14:58:14 EDT" duration-ms="173" status="PASS">
          <reporter-output>
          </reporter-output>
        </test-method> <!-- quittingBrowser -->
      </class> <!-- com.naveenautomation.test.MyAccountPageTest -->
      <class name="com.naveenautomation.test.AccountLoginPageTest">
        <test-method is-config="true" signature="loggerSetUp()[pri:0, instance:com.naveenautomation.test.AccountLoginPageTest@741a8937]" started-at="2022-08-24T14:58:25 EDT" name="loggerSetUp" finished-at="2022-08-24T14:58:25 EDT" duration-ms="3" status="PASS">
          <reporter-output>
          </reporter-output>
        </test-method> <!-- loggerSetUp -->
        <test-method is-config="true" signature="startBrowser()[pri:0, instance:com.naveenautomation.test.AccountLoginPageTest@741a8937]" started-at="2022-08-24T14:58:25 EDT" name="startBrowser" finished-at="2022-08-24T14:58:31 EDT" duration-ms="5777" status="PASS">
          <reporter-output>
          </reporter-output>
        </test-method> <!-- startBrowser -->
        <test-method signature="loginTest()[pri:0, instance:com.naveenautomation.test.AccountLoginPageTest@741a8937]" started-at="2022-08-24T14:58:31 EDT" name="loginTest" finished-at="2022-08-24T14:58:32 EDT" duration-ms="1200" status="PASS">
          <reporter-output>
          </reporter-output>
        </test-method> <!-- loginTest -->
        <test-method is-config="true" signature="quittingBrowser()[pri:0, instance:com.naveenautomation.test.AccountLoginPageTest@741a8937]" started-at="2022-08-24T14:58:32 EDT" name="quittingBrowser" finished-at="2022-08-24T14:58:33 EDT" duration-ms="176" status="PASS">
          <reporter-output>
          </reporter-output>
        </test-method> <!-- quittingBrowser -->
      </class> <!-- com.naveenautomation.test.AccountLoginPageTest -->
      <class name="com.naveenautomation.test.PhonesAndPDATest">
        <test-method is-config="true" signature="loggerSetUp()[pri:0, instance:com.naveenautomation.test.PhonesAndPDATest@543588e6]" started-at="2022-08-24T14:57:26 EDT" name="loggerSetUp" finished-at="2022-08-24T14:57:26 EDT" duration-ms="35" status="PASS">
          <reporter-output>
          </reporter-output>
        </test-method> <!-- loggerSetUp -->
        <test-method is-config="true" signature="startBrowser()[pri:0, instance:com.naveenautomation.test.PhonesAndPDATest@543588e6]" started-at="2022-08-24T14:57:26 EDT" name="startBrowser" finished-at="2022-08-24T14:57:35 EDT" duration-ms="9017" status="PASS">
          <reporter-output>
          </reporter-output>
        </test-method> <!-- startBrowser -->
        <test-method signature="addToCartClickTest()[pri:0, instance:com.naveenautomation.test.PhonesAndPDATest@543588e6]" started-at="2022-08-24T14:57:35 EDT" name="addToCartClickTest" finished-at="2022-08-24T14:57:35 EDT" duration-ms="170" status="PASS">
          <reporter-output>
          </reporter-output>
        </test-method> <!-- addToCartClickTest -->
        <test-method is-config="true" signature="quittingBrowser()[pri:0, instance:com.naveenautomation.test.PhonesAndPDATest@543588e6]" started-at="2022-08-24T14:57:35 EDT" name="quittingBrowser" finished-at="2022-08-24T14:57:36 EDT" duration-ms="258" status="PASS">
          <reporter-output>
          </reporter-output>
        </test-method> <!-- quittingBrowser -->
        <test-method is-config="true" signature="startBrowser()[pri:0, instance:com.naveenautomation.test.PhonesAndPDATest@543588e6]" started-at="2022-08-24T14:57:36 EDT" name="startBrowser" finished-at="2022-08-24T14:57:44 EDT" duration-ms="8224" status="PASS">
          <reporter-output>
          </reporter-output>
        </test-method> <!-- startBrowser -->
        <test-method signature="checkOutClickTest()[pri:0, instance:com.naveenautomation.test.PhonesAndPDATest@543588e6]" started-at="2022-08-24T14:57:44 EDT" name="checkOutClickTest" finished-at="2022-08-24T14:57:45 EDT" duration-ms="1432" status="PASS">
          <reporter-output>
          </reporter-output>
        </test-method> <!-- checkOutClickTest -->
        <test-method is-config="true" signature="quittingBrowser()[pri:0, instance:com.naveenautomation.test.PhonesAndPDATest@543588e6]" started-at="2022-08-24T14:57:45 EDT" name="quittingBrowser" finished-at="2022-08-24T14:57:46 EDT" duration-ms="310" status="PASS">
          <reporter-output>
          </reporter-output>
        </test-method> <!-- quittingBrowser -->
      </class> <!-- com.naveenautomation.test.PhonesAndPDATest -->
      <class name="com.naveenautomation.test.NaveenHomePageTest">
        <test-method is-config="true" signature="loggerSetUp()[pri:0, instance:com.naveenautomation.test.NaveenHomePageTest@74751b3]" started-at="2022-08-24T14:58:14 EDT" name="loggerSetUp" finished-at="2022-08-24T14:58:14 EDT" duration-ms="4" status="PASS">
          <reporter-output>
          </reporter-output>
        </test-method> <!-- loggerSetUp -->
        <test-method is-config="true" signature="startBrowser()[pri:0, instance:com.naveenautomation.test.NaveenHomePageTest@74751b3]" started-at="2022-08-24T14:58:14 EDT" name="startBrowser" finished-at="2022-08-24T14:58:19 EDT" duration-ms="4763" status="PASS">
          <reporter-output>
          </reporter-output>
        </test-method> <!-- startBrowser -->
        <test-method signature="myAccountButtonTest()[pri:1, instance:com.naveenautomation.test.NaveenHomePageTest@74751b3]" started-at="2022-08-24T14:58:19 EDT" name="myAccountButtonTest" finished-at="2022-08-24T14:58:19 EDT" duration-ms="104" status="PASS">
          <reporter-output>
          </reporter-output>
        </test-method> <!-- myAccountButtonTest -->
        <test-method is-config="true" signature="quittingBrowser()[pri:0, instance:com.naveenautomation.test.NaveenHomePageTest@74751b3]" started-at="2022-08-24T14:58:19 EDT" name="quittingBrowser" finished-at="2022-08-24T14:58:19 EDT" duration-ms="164" status="PASS">
          <reporter-output>
          </reporter-output>
        </test-method> <!-- quittingBrowser -->
        <test-method is-config="true" signature="startBrowser()[pri:0, instance:com.naveenautomation.test.NaveenHomePageTest@74751b3]" started-at="2022-08-24T14:58:19 EDT" name="startBrowser" finished-at="2022-08-24T14:58:24 EDT" duration-ms="4959" status="PASS">
          <reporter-output>
          </reporter-output>
        </test-method> <!-- startBrowser -->
        <test-method signature="loginButtonTest()[pri:2, instance:com.naveenautomation.test.NaveenHomePageTest@74751b3]" started-at="2022-08-24T14:58:24 EDT" name="loginButtonTest" finished-at="2022-08-24T14:58:25 EDT" duration-ms="731" status="PASS">
          <reporter-output>
          </reporter-output>
        </test-method> <!-- loginButtonTest -->
        <test-method is-config="true" signature="quittingBrowser()[pri:0, instance:com.naveenautomation.test.NaveenHomePageTest@74751b3]" started-at="2022-08-24T14:58:25 EDT" name="quittingBrowser" finished-at="2022-08-24T14:58:25 EDT" duration-ms="257" status="PASS">
          <reporter-output>
          </reporter-output>
        </test-method> <!-- quittingBrowser -->
      </class> <!-- com.naveenautomation.test.NaveenHomePageTest -->
      <class name="com.naveenautomation.test.CheckOutPageTest">
        <test-method is-config="true" signature="loggerSetUp()[pri:0, instance:com.naveenautomation.test.CheckOutPageTest@5ba3f27a]" started-at="2022-08-24T14:57:46 EDT" name="loggerSetUp" finished-at="2022-08-24T14:57:46 EDT" duration-ms="3" status="PASS">
          <reporter-output>
          </reporter-output>
        </test-method> <!-- loggerSetUp -->
        <test-method is-config="true" signature="startBrowser()[pri:0, instance:com.naveenautomation.test.CheckOutPageTest@5ba3f27a]" started-at="2022-08-24T14:57:46 EDT" name="startBrowser" finished-at="2022-08-24T14:57:55 EDT" duration-ms="9699" status="PASS">
          <reporter-output>
          </reporter-output>
        </test-method> <!-- startBrowser -->
        <test-method signature="allButtonTest()[pri:3, instance:com.naveenautomation.test.CheckOutPageTest@5ba3f27a]" started-at="2022-08-24T14:57:55 EDT" name="allButtonTest" finished-at="2022-08-24T14:58:05 EDT" duration-ms="9460" status="PASS">
          <reporter-output>
          </reporter-output>
        </test-method> <!-- allButtonTest -->
        <test-method is-config="true" signature="quittingBrowser()[pri:0, instance:com.naveenautomation.test.CheckOutPageTest@5ba3f27a]" started-at="2022-08-24T14:58:05 EDT" name="quittingBrowser" finished-at="2022-08-24T14:58:06 EDT" duration-ms="793" status="PASS">
          <reporter-output>
          </reporter-output>
        </test-method> <!-- quittingBrowser -->
      </class> <!-- com.naveenautomation.test.CheckOutPageTest -->
      <class name="com.naveenautomation.test.OrderPlacedTest">
        <test-method is-config="true" signature="loggerSetUp()[pri:0, instance:com.naveenautomation.test.OrderPlacedTest@6fd83fc1]" started-at="2022-08-24T14:58:33 EDT" name="loggerSetUp" finished-at="2022-08-24T14:58:33 EDT" duration-ms="2" status="PASS">
          <reporter-output>
          </reporter-output>
        </test-method> <!-- loggerSetUp -->
        <test-method is-config="true" signature="startBrowser()[pri:0, instance:com.naveenautomation.test.OrderPlacedTest@6fd83fc1]" started-at="2022-08-24T14:58:33 EDT" name="startBrowser" finished-at="2022-08-24T14:58:53 EDT" duration-ms="19934" status="PASS">
          <reporter-output>
          </reporter-output>
        </test-method> <!-- startBrowser -->
        <test-method signature="orderPlacedTest()[pri:0, instance:com.naveenautomation.test.OrderPlacedTest@6fd83fc1]" started-at="2022-08-24T14:58:53 EDT" name="orderPlacedTest" finished-at="2022-08-24T14:58:54 EDT" duration-ms="1176" status="PASS">
          <reporter-output>
          </reporter-output>
        </test-method> <!-- orderPlacedTest -->
        <test-method is-config="true" signature="quittingBrowser()[pri:0, instance:com.naveenautomation.test.OrderPlacedTest@6fd83fc1]" started-at="2022-08-24T14:58:54 EDT" name="quittingBrowser" finished-at="2022-08-24T14:58:54 EDT" duration-ms="197" status="PASS">
          <reporter-output>
          </reporter-output>
        </test-method> <!-- quittingBrowser -->
      </class> <!-- com.naveenautomation.test.OrderPlacedTest -->
    </test> <!-- Test -->
  </suite> <!-- Suite -->
</testng-results>
